=== T1.b CP round-trip verification ===
Date: 2026-04-21
Target: ws://127.0.0.1:8080/ws (deckpilot daemon, PID 47400)
Client: photo-ai-lisp src/cp-client.lisp (connect-cp) via websocket-driver
Session under test: ghostty-30028 (spawned via C:/Users/yuuji/ghostty-win/zig-out-winui3/bin/ghostty.exe)
Runner: scripts/cp-smoke.lisp
SBCL: /c/Users/yuuji/SBCLLocal/PFiles/Steel Bank Common Lisp/sbcl.exe

Invocation: sbcl --script scripts/cp-smoke.lisp ghostty-30028
Exit code: 0 (all 4 verbs :ok t)

Verdict: **PASS** — LIST / STATE / INPUT / SHOW all returned :ok t against a live session.

---

--- T1.b CP SMOKE START ---
target-session: ghostty-30028
CONNECT: OK

>>> LIST
[LIST] ok=T resp=(:CMD "LIST" :OK T :ERROR NIL :DATA
                  #(<31 hash-tables, one per live deckpilot session>)
                  :STATUS NIL :MODE NIL :MESSAGE NIL)

>>> STATE ghostty-30028
[STATE] ok=T resp=(:CMD "STATE" :OK T :ERROR NIL :DATA NIL :STATUS "idle" :MODE
                   NIL :MESSAGE NIL)

>>> INPUT echo t1b-ping -> ghostty-30028
[INPUT] ok=T resp=(:CMD "INPUT" :OK T :ERROR NIL :DATA "submit_ok" :STATUS
                   "ok_cleared|203ms" :MODE NIL :MESSAGE NIL)

>>> SHOW tail n=5 <- ghostty-30028
[SHOW] ok=T resp=(:CMD "SHOW" :OK T :ERROR NIL :DATA
                  "TWljcm9zb2Z0IFdpbmRvd3MgW1ZlcnNpb24gMTAuMC4yNjIwMC44MjQ2XQooYykgTWljcm9zb2Z0IENvcnBvcmF0aW9uLiBBbGwgcmlnaHRzIHJlc2VydmVkLgoKQzpcVXNlcnNceXV1amk+ZWNobyB0MWItcGluZwp0MWItcGluZwoKQzpcVXNlcnNceXV1amk+ZWNobyB0MWItcGluZwp0MWItcGluZwoKQzpcVXNlcnNceXV1amk+ZWNobyB0MWItcGluZwp0MWItcGluZwoKQzpcVXNlcnNceXV1amk+"
                  :STATUS "active" :MODE "buffer" :MESSAGE NIL)

--- T1.b CP SMOKE END --- failures=0

---

SHOW :DATA base64-decoded (prose-form proof the echo landed in the child shell):

    Microsoft Windows [Version 10.0.26200.8246]
    (c) Microsoft Corporation. All rights reserved.

    C:\Users\yuuji>echo t1b-ping
    t1b-ping

    C:\Users\yuuji>echo t1b-ping
    t1b-ping

    C:\Users\yuuji>echo t1b-ping
    t1b-ping

    C:\Users\yuuji>

The triple-echo reflects three successive smoke runs against the same live
session within the same minute — INPUT reached the cmd.exe child, stdout was
captured by deckpilot's ring buffer, SHOW pulled it back. One-shot
(single-run) observation was captured identically on the first run; the log
shows the third run to prove idempotency.

--- notes ---
* LIST :DATA shape: vector of 31 hash-tables (count matches `deckpilot list`
  output while test ran). Inner contents elided to keep this log readable;
  the :OK T bit is the DoD for LIST.
* STATE returns :OK T :STATUS "idle" because ghostty-30028 is an idle
  cmd.exe child — compare T1.a where the stale session ID returned
  :OK NIL :ERROR "session not found: ...".
* INPUT :DATA "submit_ok" + :STATUS "ok_cleared|201ms" is deckpilot's
  successful-submit acknowledgement. The trailing number is submit latency
  in ms.
* SHOW :STATUS flips to "active" while the child is still rendering the
  echo; a second SHOW a moment later would report "idle".
* Client-side "Cannot destroy thread" noise from wsd on disconnect is
  swallowed by `ignore-errors` in scripts/cp-smoke.lisp (same benign cleanup
  noted in T1.a ws-handshake.log).
